2022-09-02T00:12:11+00:00 CRITICAL Maximum execution time of 120 seconds exceeded in C:\xampp\htdocs\wordpress 7\wp-admin\includes\meta-boxes.php on line 1637

2022-09-02T00:12:14+00:00 CRITICAL Maximum execution time of 120 seconds exceeded in C:\xampp\htdocs\wordpress 7\wp-content\plugins\wc-multi-currency\libs\APBDWMC_session.php on line 16

2022-09-02T00:12:24+00:00 CRITICAL Maximum execution time of 120 seconds exceeded in C:\xampp\htdocs\wordpress 7\wp-includes\wp-db.php on line 2169

2022-09-02T00:12:26+00:00 CRITICAL Maximum execution time of 120 seconds exceeded in C:\xampp\htdocs\wordpress 7\wp-content\plugins\wc-multi-currency\libs\APBDWMC_session.php on line 16

2022-09-02T00:12:31+00:00 CRITICAL Maximum execution time of 120 seconds exceeded in C:\xampp\htdocs\wordpress 7\wp-includes\wp-db.php on line 2169

2022-09-02T00:13:18+00:00 CRITICAL Maximum execution time of 120 seconds exceeded in C:\xampp\htdocs\wordpress 7\wp-content\plugins\wc-multi-currency\libs\APBDWMC_session.php on line 16

2022-09-02T00:13:19+00:00 CRITICAL Maximum execution time of 120 seconds exceeded in C:\xampp\htdocs\wordpress 7\wp-content\plugins\wc-multi-currency\libs\APBDWMC_session.php on line 16

2022-09-02T00:22:46+00:00 CRITICAL Maximum execution time of 120 seconds exceeded in C:\xampp\htdocs\wordpress 7\wp-includes\wp-db.php on line 2169

2022-09-02T00:22:58+00:00 CRITICAL Maximum execution time of 120 seconds exceeded in C:\xampp\htdocs\wordpress 7\wp-includes\wp-db.php on line 2169

2022-09-02T00:23:17+00:00 CRITICAL Maximum execution time of 120 seconds exceeded in C:\xampp\htdocs\wordpress 7\wp-includes\wp-db.php on line 2169

2022-09-02T00:23:24+00:00 CRITICAL Maximum execution time of 120 seconds exceeded in C:\xampp\htdocs\wordpress 7\wp-includes\wp-db.php on line 2169

2022-09-02T00:23:48+00:00 CRITICAL Maximum execution time of 120 seconds exceeded in C:\xampp\htdocs\wordpress 7\wp-includes\wp-db.php on line 2169

2022-09-02T00:25:15+00:00 CRITICAL Maximum execution time of 120 seconds exceeded in C:\xampp\htdocs\wordpress 7\wp-includes\wp-db.php on line 2169

2022-09-02T01:32:55+00:00 CRITICAL Maximum execution time of 120 seconds exceeded in C:\xampp\htdocs\wordpress 7\wp-includes\wp-db.php on line 2169

2022-09-02T01:33:15+00:00 CRITICAL Maximum execution time of 120 seconds exceeded in C:\xampp\htdocs\wordpress 7\wp-content\plugins\woocommerce\packages\woocommerce-blocks\src\InboxNotifications.php on line 150

2022-09-02T01:33:33+00:00 CRITICAL Maximum execution time of 120 seconds exceeded in C:\xampp\htdocs\wordpress 7\wp-content\plugins\wc-multi-currency\libs\APBDWMC_session.php on line 16

2022-09-02T01:33:34+00:00 CRITICAL Maximum execution time of 120 seconds exceeded in C:\xampp\htdocs\wordpress 7\wp-content\plugins\wc-multi-currency\libs\APBDWMC_session.php on line 16

2022-09-02T01:33:55+00:00 CRITICAL Maximum execution time of 120 seconds exceeded in C:\xampp\htdocs\wordpress 7\wp-content\plugins\wc-multi-currency\libs\APBDWMC_session.php on line 16

2022-09-02T01:33:56+00:00 CRITICAL Maximum execution time of 120 seconds exceeded in C:\xampp\htdocs\wordpress 7\wp-content\plugins\yith-woocommerce-request-a-quote\plugin-fw\includes\class-yit-pointers.php on line 11

2022-09-02T01:34:23+00:00 CRITICAL Maximum execution time of 120 seconds exceeded in C:\xampp\htdocs\wordpress 7\wp-content\plugins\wc-multi-currency\libs\APBDWMC_session.php on line 16

2022-09-02T01:34:26+00:00 CRITICAL Maximum execution time of 120 seconds exceeded in C:\xampp\htdocs\wordpress 7\wp-content\plugins\wc-multi-currency\libs\APBDWMC_session.php on line 16

2022-09-02T01:36:06+00:00 CRITICAL Maximum execution time of 120 seconds exceeded in C:\xampp\htdocs\wordpress 7\wp-includes\wp-db.php on line 2169

2022-09-02T01:36:11+00:00 CRITICAL Maximum execution time of 120 seconds exceeded in C:\xampp\htdocs\wordpress 7\wp-includes\wp-db.php on line 2169

2022-09-02T01:36:14+00:00 CRITICAL Maximum execution time of 120 seconds exceeded in C:\xampp\htdocs\wordpress 7\wp-includes\wp-db.php on line 2169

2022-09-02T01:36:43+00:00 CRITICAL Maximum execution time of 120 seconds exceeded in C:\xampp\htdocs\wordpress 7\wp-includes\wp-db.php on line 2169

2022-09-02T01:36:55+00:00 CRITICAL Maximum execution time of 120 seconds exceeded in C:\xampp\htdocs\wordpress 7\wp-content\plugins\wc-multi-currency\libs\APBDWMC_session.php on line 16

2022-09-02T01:38:34+00:00 CRITICAL Maximum execution time of 120 seconds exceeded in C:\xampp\htdocs\wordpress 7\wp-includes\wp-db.php on line 2169

2022-09-02T01:38:38+00:00 CRITICAL Maximum execution time of 120 seconds exceeded in C:\xampp\htdocs\wordpress 7\wp-includes\wp-db.php on line 2169

2022-09-02T01:51:05+00:00 CRITICAL Maximum execution time of 120 seconds exceeded in C:\xampp\htdocs\wordpress 7\wp-content\plugins\woocommerce\packages\action-scheduler\classes\ActionScheduler_AsyncRequest_QueueRunner.php on line 60

2022-09-02T09:03:42+00:00 CRITICAL Maximum execution time of 120 seconds exceeded in C:\xampp\htdocs\wordpress 7\wp-content\themes\astra\inc\compatibility\learndash\class-astra-learndash.php on line 10

2022-09-02T09:03:42+00:00 CRITICAL Maximum execution time of 120 seconds exceeded in C:\xampp\htdocs\wordpress 7\wp-content\themes\astra\inc\compatibility\class-astra-contact-form-7.php on line 9

