2022-08-14T10:17:27+00:00 CRITICAL Maximum execution time of 120 seconds exceeded in C:\xampp\htdocs\wordpress 7\wp-content\plugins\everest-forms\includes\fields\class-evf-field-last-name.php on line 91

2022-08-14T10:28:14+00:00 CRITICAL Uncaught Error: Call to undefined method stdClass::get_id() in C:\xampp\htdocs\wordpress 7\wp-content\plugins\woolentor-addons\woolentor-blocks\includes\classes\Api\Api.php:277
Stack trace:
#0 C:\xampp\htdocs\wordpress 7\wp-includes\rest-api\class-wp-rest-server.php(1143): WooLentorBlocks\Api\Api->get_last_product_data(Object(WP_REST_Request))
#1 C:\xampp\htdocs\wordpress 7\wp-includes\rest-api\class-wp-rest-server.php(990): WP_REST_Server->respond_to_request(Object(WP_REST_Request), '/woolentor/v1/s...', Array, NULL)
#2 C:\xampp\htdocs\wordpress 7\wp-includes\rest-api\class-wp-rest-server.php(414): WP_REST_Server->dispatch(Object(WP_REST_Request))
#3 C:\xampp\htdocs\wordpress 7\wp-includes\rest-api.php(394): WP_REST_Server->serve_request('/woolentor/v1/s...')
#4 C:\xampp\htdocs\wordpress 7\wp-includes\class-wp-hook.php(307): rest_api_loaded(Object(WP))
#5 C:\xampp\htdocs\wordpress 7\wp-includes\class-wp-hook.php(331): WP_Hook->apply_filters(NULL, Array)
#6 C:\xampp\htdocs\wordpress 7\wp-includes\plugin.php(5 in C:\xampp\htdocs\wordpress 7\wp-content\plugins\woolentor-addons\woolentor-blocks\includes\classes\Api\Api.php on line 277

2022-08-14T11:10:22+00:00 CRITICAL Uncaught Error: Call to undefined method stdClass::get_id() in C:\xampp\htdocs\wordpress 7\wp-content\plugins\woolentor-addons\woolentor-blocks\includes\classes\Api\Api.php:277
Stack trace:
#0 C:\xampp\htdocs\wordpress 7\wp-includes\rest-api\class-wp-rest-server.php(1143): WooLentorBlocks\Api\Api->get_last_product_data(Object(WP_REST_Request))
#1 C:\xampp\htdocs\wordpress 7\wp-includes\rest-api\class-wp-rest-server.php(990): WP_REST_Server->respond_to_request(Object(WP_REST_Request), '/woolentor/v1/s...', Array, NULL)
#2 C:\xampp\htdocs\wordpress 7\wp-includes\rest-api\class-wp-rest-server.php(414): WP_REST_Server->dispatch(Object(WP_REST_Request))
#3 C:\xampp\htdocs\wordpress 7\wp-includes\rest-api.php(394): WP_REST_Server->serve_request('/woolentor/v1/s...')
#4 C:\xampp\htdocs\wordpress 7\wp-includes\class-wp-hook.php(307): rest_api_loaded(Object(WP))
#5 C:\xampp\htdocs\wordpress 7\wp-includes\class-wp-hook.php(331): WP_Hook->apply_filters(NULL, Array)
#6 C:\xampp\htdocs\wordpress 7\wp-includes\plugin.php(5 in C:\xampp\htdocs\wordpress 7\wp-content\plugins\woolentor-addons\woolentor-blocks\includes\classes\Api\Api.php on line 277

2022-08-14T11:19:08+00:00 CRITICAL Uncaught Error: Call to undefined method stdClass::get_id() in C:\xampp\htdocs\wordpress 7\wp-content\plugins\woolentor-addons\woolentor-blocks\includes\classes\Api\Api.php:277
Stack trace:
#0 C:\xampp\htdocs\wordpress 7\wp-includes\rest-api\class-wp-rest-server.php(1143): WooLentorBlocks\Api\Api->get_last_product_data(Object(WP_REST_Request))
#1 C:\xampp\htdocs\wordpress 7\wp-includes\rest-api\class-wp-rest-server.php(990): WP_REST_Server->respond_to_request(Object(WP_REST_Request), '/woolentor/v1/s...', Array, NULL)
#2 C:\xampp\htdocs\wordpress 7\wp-includes\rest-api\class-wp-rest-server.php(414): WP_REST_Server->dispatch(Object(WP_REST_Request))
#3 C:\xampp\htdocs\wordpress 7\wp-includes\rest-api.php(394): WP_REST_Server->serve_request('/woolentor/v1/s...')
#4 C:\xampp\htdocs\wordpress 7\wp-includes\class-wp-hook.php(307): rest_api_loaded(Object(WP))
#5 C:\xampp\htdocs\wordpress 7\wp-includes\class-wp-hook.php(331): WP_Hook->apply_filters(NULL, Array)
#6 C:\xampp\htdocs\wordpress 7\wp-includes\plugin.php(5 in C:\xampp\htdocs\wordpress 7\wp-content\plugins\woolentor-addons\woolentor-blocks\includes\classes\Api\Api.php on line 277

2022-08-14T11:26:22+00:00 CRITICAL Uncaught Error: Call to undefined method stdClass::get_id() in C:\xampp\htdocs\wordpress 7\wp-content\plugins\woolentor-addons\woolentor-blocks\includes\classes\Api\Api.php:277
Stack trace:
#0 C:\xampp\htdocs\wordpress 7\wp-includes\rest-api\class-wp-rest-server.php(1143): WooLentorBlocks\Api\Api->get_last_product_data(Object(WP_REST_Request))
#1 C:\xampp\htdocs\wordpress 7\wp-includes\rest-api\class-wp-rest-server.php(990): WP_REST_Server->respond_to_request(Object(WP_REST_Request), '/woolentor/v1/s...', Array, NULL)
#2 C:\xampp\htdocs\wordpress 7\wp-includes\rest-api\class-wp-rest-server.php(414): WP_REST_Server->dispatch(Object(WP_REST_Request))
#3 C:\xampp\htdocs\wordpress 7\wp-includes\rest-api.php(394): WP_REST_Server->serve_request('/woolentor/v1/s...')
#4 C:\xampp\htdocs\wordpress 7\wp-includes\class-wp-hook.php(307): rest_api_loaded(Object(WP))
#5 C:\xampp\htdocs\wordpress 7\wp-includes\class-wp-hook.php(331): WP_Hook->apply_filters(NULL, Array)
#6 C:\xampp\htdocs\wordpress 7\wp-includes\plugin.php(5 in C:\xampp\htdocs\wordpress 7\wp-content\plugins\woolentor-addons\woolentor-blocks\includes\classes\Api\Api.php on line 277

2022-08-14T11:50:38+00:00 CRITICAL Uncaught Error: Call to undefined method stdClass::get_id() in C:\xampp\htdocs\wordpress 7\wp-content\plugins\woolentor-addons\woolentor-blocks\includes\classes\Api\Api.php:277
Stack trace:
#0 C:\xampp\htdocs\wordpress 7\wp-includes\rest-api\class-wp-rest-server.php(1143): WooLentorBlocks\Api\Api->get_last_product_data(Object(WP_REST_Request))
#1 C:\xampp\htdocs\wordpress 7\wp-includes\rest-api\class-wp-rest-server.php(990): WP_REST_Server->respond_to_request(Object(WP_REST_Request), '/woolentor/v1/s...', Array, NULL)
#2 C:\xampp\htdocs\wordpress 7\wp-includes\rest-api\class-wp-rest-server.php(414): WP_REST_Server->dispatch(Object(WP_REST_Request))
#3 C:\xampp\htdocs\wordpress 7\wp-includes\rest-api.php(394): WP_REST_Server->serve_request('/woolentor/v1/s...')
#4 C:\xampp\htdocs\wordpress 7\wp-includes\class-wp-hook.php(307): rest_api_loaded(Object(WP))
#5 C:\xampp\htdocs\wordpress 7\wp-includes\class-wp-hook.php(331): WP_Hook->apply_filters(NULL, Array)
#6 C:\xampp\htdocs\wordpress 7\wp-includes\plugin.php(5 in C:\xampp\htdocs\wordpress 7\wp-content\plugins\woolentor-addons\woolentor-blocks\includes\classes\Api\Api.php on line 277

2022-08-14T11:50:42+00:00 CRITICAL Uncaught Error: Call to undefined method stdClass::get_id() in C:\xampp\htdocs\wordpress 7\wp-content\plugins\woolentor-addons\woolentor-blocks\includes\classes\Api\Api.php:277
Stack trace:
#0 C:\xampp\htdocs\wordpress 7\wp-includes\rest-api\class-wp-rest-server.php(1143): WooLentorBlocks\Api\Api->get_last_product_data(Object(WP_REST_Request))
#1 C:\xampp\htdocs\wordpress 7\wp-includes\rest-api\class-wp-rest-server.php(990): WP_REST_Server->respond_to_request(Object(WP_REST_Request), '/woolentor/v1/s...', Array, NULL)
#2 C:\xampp\htdocs\wordpress 7\wp-includes\rest-api\class-wp-rest-server.php(414): WP_REST_Server->dispatch(Object(WP_REST_Request))
#3 C:\xampp\htdocs\wordpress 7\wp-includes\rest-api.php(394): WP_REST_Server->serve_request('/woolentor/v1/s...')
#4 C:\xampp\htdocs\wordpress 7\wp-includes\class-wp-hook.php(307): rest_api_loaded(Object(WP))
#5 C:\xampp\htdocs\wordpress 7\wp-includes\class-wp-hook.php(331): WP_Hook->apply_filters(NULL, Array)
#6 C:\xampp\htdocs\wordpress 7\wp-includes\plugin.php(5 in C:\xampp\htdocs\wordpress 7\wp-content\plugins\woolentor-addons\woolentor-blocks\includes\classes\Api\Api.php on line 277

2022-08-14T11:52:38+00:00 CRITICAL Uncaught Error: Call to undefined method stdClass::get_id() in C:\xampp\htdocs\wordpress 7\wp-content\plugins\woolentor-addons\woolentor-blocks\includes\classes\Api\Api.php:277
Stack trace:
#0 C:\xampp\htdocs\wordpress 7\wp-includes\rest-api\class-wp-rest-server.php(1143): WooLentorBlocks\Api\Api->get_last_product_data(Object(WP_REST_Request))
#1 C:\xampp\htdocs\wordpress 7\wp-includes\rest-api\class-wp-rest-server.php(990): WP_REST_Server->respond_to_request(Object(WP_REST_Request), '/woolentor/v1/s...', Array, NULL)
#2 C:\xampp\htdocs\wordpress 7\wp-includes\rest-api\class-wp-rest-server.php(414): WP_REST_Server->dispatch(Object(WP_REST_Request))
#3 C:\xampp\htdocs\wordpress 7\wp-includes\rest-api.php(394): WP_REST_Server->serve_request('/woolentor/v1/s...')
#4 C:\xampp\htdocs\wordpress 7\wp-includes\class-wp-hook.php(307): rest_api_loaded(Object(WP))
#5 C:\xampp\htdocs\wordpress 7\wp-includes\class-wp-hook.php(331): WP_Hook->apply_filters(NULL, Array)
#6 C:\xampp\htdocs\wordpress 7\wp-includes\plugin.php(5 in C:\xampp\htdocs\wordpress 7\wp-content\plugins\woolentor-addons\woolentor-blocks\includes\classes\Api\Api.php on line 277

2022-08-14T11:52:58+00:00 CRITICAL Uncaught Error: Call to undefined method stdClass::get_id() in C:\xampp\htdocs\wordpress 7\wp-content\plugins\woolentor-addons\woolentor-blocks\includes\classes\Api\Api.php:277
Stack trace:
#0 C:\xampp\htdocs\wordpress 7\wp-includes\rest-api\class-wp-rest-server.php(1143): WooLentorBlocks\Api\Api->get_last_product_data(Object(WP_REST_Request))
#1 C:\xampp\htdocs\wordpress 7\wp-includes\rest-api\class-wp-rest-server.php(990): WP_REST_Server->respond_to_request(Object(WP_REST_Request), '/woolentor/v1/s...', Array, NULL)
#2 C:\xampp\htdocs\wordpress 7\wp-includes\rest-api\class-wp-rest-server.php(414): WP_REST_Server->dispatch(Object(WP_REST_Request))
#3 C:\xampp\htdocs\wordpress 7\wp-includes\rest-api.php(394): WP_REST_Server->serve_request('/woolentor/v1/s...')
#4 C:\xampp\htdocs\wordpress 7\wp-includes\class-wp-hook.php(307): rest_api_loaded(Object(WP))
#5 C:\xampp\htdocs\wordpress 7\wp-includes\class-wp-hook.php(331): WP_Hook->apply_filters(NULL, Array)
#6 C:\xampp\htdocs\wordpress 7\wp-includes\plugin.php(5 in C:\xampp\htdocs\wordpress 7\wp-content\plugins\woolentor-addons\woolentor-blocks\includes\classes\Api\Api.php on line 277

2022-08-14T11:56:46+00:00 CRITICAL Uncaught Error: Call to undefined method stdClass::get_id() in C:\xampp\htdocs\wordpress 7\wp-content\plugins\woolentor-addons\woolentor-blocks\includes\classes\Api\Api.php:277
Stack trace:
#0 C:\xampp\htdocs\wordpress 7\wp-includes\rest-api\class-wp-rest-server.php(1143): WooLentorBlocks\Api\Api->get_last_product_data(Object(WP_REST_Request))
#1 C:\xampp\htdocs\wordpress 7\wp-includes\rest-api\class-wp-rest-server.php(990): WP_REST_Server->respond_to_request(Object(WP_REST_Request), '/woolentor/v1/s...', Array, NULL)
#2 C:\xampp\htdocs\wordpress 7\wp-includes\rest-api\class-wp-rest-server.php(414): WP_REST_Server->dispatch(Object(WP_REST_Request))
#3 C:\xampp\htdocs\wordpress 7\wp-includes\rest-api.php(394): WP_REST_Server->serve_request('/woolentor/v1/s...')
#4 C:\xampp\htdocs\wordpress 7\wp-includes\class-wp-hook.php(307): rest_api_loaded(Object(WP))
#5 C:\xampp\htdocs\wordpress 7\wp-includes\class-wp-hook.php(331): WP_Hook->apply_filters(NULL, Array)
#6 C:\xampp\htdocs\wordpress 7\wp-includes\plugin.php(5 in C:\xampp\htdocs\wordpress 7\wp-content\plugins\woolentor-addons\woolentor-blocks\includes\classes\Api\Api.php on line 277

2022-08-14T12:48:35+00:00 CRITICAL Uncaught Error: Call to undefined method stdClass::get_id() in C:\xampp\htdocs\wordpress 7\wp-content\plugins\woolentor-addons\woolentor-blocks\includes\classes\Api\Api.php:277
Stack trace:
#0 C:\xampp\htdocs\wordpress 7\wp-includes\rest-api\class-wp-rest-server.php(1143): WooLentorBlocks\Api\Api->get_last_product_data(Object(WP_REST_Request))
#1 C:\xampp\htdocs\wordpress 7\wp-includes\rest-api\class-wp-rest-server.php(990): WP_REST_Server->respond_to_request(Object(WP_REST_Request), '/woolentor/v1/s...', Array, NULL)
#2 C:\xampp\htdocs\wordpress 7\wp-includes\rest-api\class-wp-rest-server.php(414): WP_REST_Server->dispatch(Object(WP_REST_Request))
#3 C:\xampp\htdocs\wordpress 7\wp-includes\rest-api.php(394): WP_REST_Server->serve_request('/woolentor/v1/s...')
#4 C:\xampp\htdocs\wordpress 7\wp-includes\class-wp-hook.php(307): rest_api_loaded(Object(WP))
#5 C:\xampp\htdocs\wordpress 7\wp-includes\class-wp-hook.php(331): WP_Hook->apply_filters(NULL, Array)
#6 C:\xampp\htdocs\wordpress 7\wp-includes\plugin.php(5 in C:\xampp\htdocs\wordpress 7\wp-content\plugins\woolentor-addons\woolentor-blocks\includes\classes\Api\Api.php on line 277

2022-08-14T12:48:35+00:00 CRITICAL Uncaught Error: Call to undefined method stdClass::get_id() in C:\xampp\htdocs\wordpress 7\wp-content\plugins\woolentor-addons\woolentor-blocks\includes\classes\Api\Api.php:277
Stack trace:
#0 C:\xampp\htdocs\wordpress 7\wp-includes\rest-api\class-wp-rest-server.php(1143): WooLentorBlocks\Api\Api->get_last_product_data(Object(WP_REST_Request))
#1 C:\xampp\htdocs\wordpress 7\wp-includes\rest-api\class-wp-rest-server.php(990): WP_REST_Server->respond_to_request(Object(WP_REST_Request), '/woolentor/v1/s...', Array, NULL)
#2 C:\xampp\htdocs\wordpress 7\wp-includes\rest-api\class-wp-rest-server.php(414): WP_REST_Server->dispatch(Object(WP_REST_Request))
#3 C:\xampp\htdocs\wordpress 7\wp-includes\rest-api.php(394): WP_REST_Server->serve_request('/woolentor/v1/s...')
#4 C:\xampp\htdocs\wordpress 7\wp-includes\class-wp-hook.php(307): rest_api_loaded(Object(WP))
#5 C:\xampp\htdocs\wordpress 7\wp-includes\class-wp-hook.php(331): WP_Hook->apply_filters(NULL, Array)
#6 C:\xampp\htdocs\wordpress 7\wp-includes\plugin.php(5 in C:\xampp\htdocs\wordpress 7\wp-content\plugins\woolentor-addons\woolentor-blocks\includes\classes\Api\Api.php on line 277

2022-08-14T12:51:11+00:00 CRITICAL Uncaught Error: Call to undefined method stdClass::get_id() in C:\xampp\htdocs\wordpress 7\wp-content\plugins\woolentor-addons\woolentor-blocks\includes\classes\Api\Api.php:277
Stack trace:
#0 C:\xampp\htdocs\wordpress 7\wp-includes\rest-api\class-wp-rest-server.php(1143): WooLentorBlocks\Api\Api->get_last_product_data(Object(WP_REST_Request))
#1 C:\xampp\htdocs\wordpress 7\wp-includes\rest-api\class-wp-rest-server.php(990): WP_REST_Server->respond_to_request(Object(WP_REST_Request), '/woolentor/v1/s...', Array, NULL)
#2 C:\xampp\htdocs\wordpress 7\wp-includes\rest-api\class-wp-rest-server.php(414): WP_REST_Server->dispatch(Object(WP_REST_Request))
#3 C:\xampp\htdocs\wordpress 7\wp-includes\rest-api.php(394): WP_REST_Server->serve_request('/woolentor/v1/s...')
#4 C:\xampp\htdocs\wordpress 7\wp-includes\class-wp-hook.php(307): rest_api_loaded(Object(WP))
#5 C:\xampp\htdocs\wordpress 7\wp-includes\class-wp-hook.php(331): WP_Hook->apply_filters(NULL, Array)
#6 C:\xampp\htdocs\wordpress 7\wp-includes\plugin.php(5 in C:\xampp\htdocs\wordpress 7\wp-content\plugins\woolentor-addons\woolentor-blocks\includes\classes\Api\Api.php on line 277

2022-08-14T12:51:15+00:00 CRITICAL Uncaught Error: Call to undefined method stdClass::get_id() in C:\xampp\htdocs\wordpress 7\wp-content\plugins\woolentor-addons\woolentor-blocks\includes\classes\Api\Api.php:277
Stack trace:
#0 C:\xampp\htdocs\wordpress 7\wp-includes\rest-api\class-wp-rest-server.php(1143): WooLentorBlocks\Api\Api->get_last_product_data(Object(WP_REST_Request))
#1 C:\xampp\htdocs\wordpress 7\wp-includes\rest-api\class-wp-rest-server.php(990): WP_REST_Server->respond_to_request(Object(WP_REST_Request), '/woolentor/v1/s...', Array, NULL)
#2 C:\xampp\htdocs\wordpress 7\wp-includes\rest-api\class-wp-rest-server.php(414): WP_REST_Server->dispatch(Object(WP_REST_Request))
#3 C:\xampp\htdocs\wordpress 7\wp-includes\rest-api.php(394): WP_REST_Server->serve_request('/woolentor/v1/s...')
#4 C:\xampp\htdocs\wordpress 7\wp-includes\class-wp-hook.php(307): rest_api_loaded(Object(WP))
#5 C:\xampp\htdocs\wordpress 7\wp-includes\class-wp-hook.php(331): WP_Hook->apply_filters(NULL, Array)
#6 C:\xampp\htdocs\wordpress 7\wp-includes\plugin.php(5 in C:\xampp\htdocs\wordpress 7\wp-content\plugins\woolentor-addons\woolentor-blocks\includes\classes\Api\Api.php on line 277

2022-08-14T12:51:25+00:00 CRITICAL Uncaught Error: Call to undefined method stdClass::get_id() in C:\xampp\htdocs\wordpress 7\wp-content\plugins\woolentor-addons\woolentor-blocks\includes\classes\Api\Api.php:277
Stack trace:
#0 C:\xampp\htdocs\wordpress 7\wp-includes\rest-api\class-wp-rest-server.php(1143): WooLentorBlocks\Api\Api->get_last_product_data(Object(WP_REST_Request))
#1 C:\xampp\htdocs\wordpress 7\wp-includes\rest-api\class-wp-rest-server.php(990): WP_REST_Server->respond_to_request(Object(WP_REST_Request), '/woolentor/v1/s...', Array, NULL)
#2 C:\xampp\htdocs\wordpress 7\wp-includes\rest-api\class-wp-rest-server.php(414): WP_REST_Server->dispatch(Object(WP_REST_Request))
#3 C:\xampp\htdocs\wordpress 7\wp-includes\rest-api.php(394): WP_REST_Server->serve_request('/woolentor/v1/s...')
#4 C:\xampp\htdocs\wordpress 7\wp-includes\class-wp-hook.php(307): rest_api_loaded(Object(WP))
#5 C:\xampp\htdocs\wordpress 7\wp-includes\class-wp-hook.php(331): WP_Hook->apply_filters(NULL, Array)
#6 C:\xampp\htdocs\wordpress 7\wp-includes\plugin.php(5 in C:\xampp\htdocs\wordpress 7\wp-content\plugins\woolentor-addons\woolentor-blocks\includes\classes\Api\Api.php on line 277

2022-08-14T12:54:29+00:00 CRITICAL Uncaught Error: Call to undefined method stdClass::get_id() in C:\xampp\htdocs\wordpress 7\wp-content\plugins\woolentor-addons\woolentor-blocks\includes\classes\Api\Api.php:277
Stack trace:
#0 C:\xampp\htdocs\wordpress 7\wp-includes\rest-api\class-wp-rest-server.php(1143): WooLentorBlocks\Api\Api->get_last_product_data(Object(WP_REST_Request))
#1 C:\xampp\htdocs\wordpress 7\wp-includes\rest-api\class-wp-rest-server.php(990): WP_REST_Server->respond_to_request(Object(WP_REST_Request), '/woolentor/v1/s...', Array, NULL)
#2 C:\xampp\htdocs\wordpress 7\wp-includes\rest-api\class-wp-rest-server.php(414): WP_REST_Server->dispatch(Object(WP_REST_Request))
#3 C:\xampp\htdocs\wordpress 7\wp-includes\rest-api.php(394): WP_REST_Server->serve_request('/woolentor/v1/s...')
#4 C:\xampp\htdocs\wordpress 7\wp-includes\class-wp-hook.php(307): rest_api_loaded(Object(WP))
#5 C:\xampp\htdocs\wordpress 7\wp-includes\class-wp-hook.php(331): WP_Hook->apply_filters(NULL, Array)
#6 C:\xampp\htdocs\wordpress 7\wp-includes\plugin.php(5 in C:\xampp\htdocs\wordpress 7\wp-content\plugins\woolentor-addons\woolentor-blocks\includes\classes\Api\Api.php on line 277

