2022-09-08T13:49:43+00:00 CRITICAL Maximum execution time of 120 seconds exceeded in C:\xampp\htdocs\wordpress 7\wp-content\plugins\everest-forms\includes\fields\class-evf-field-payment-quantity.php on line 29

2022-09-08T20:02:24+00:00 CRITICAL Maximum execution time of 120 seconds exceeded in C:\xampp\htdocs\wordpress 7\wp-admin\includes\media.php on line 3827

2022-09-08T20:02:34+00:00 CRITICAL Maximum execution time of 120 seconds exceeded in C:\xampp\htdocs\wordpress 7\wp-content\themes\astra\inc\builder\type\footer\below-footer\class-astra-below-footer.php on line 12

2022-09-08T20:02:34+00:00 CRITICAL Maximum execution time of 120 seconds exceeded in C:\xampp\htdocs\wordpress 7\wp-content\themes\astra\inc\builder\type\header\html\class-astra-header-html-component.php on line 12

2022-09-08T20:02:34+00:00 CRITICAL Maximum execution time of 120 seconds exceeded in C:\xampp\htdocs\wordpress 7\wp-content\themes\astra\inc\builder\type\header\html\class-astra-header-html-component.php on line 12

2022-09-08T20:02:34+00:00 CRITICAL Maximum execution time of 120 seconds exceeded in C:\xampp\htdocs\wordpress 7\wp-content\themes\astra\inc\builder\type\header\html\class-astra-header-html-component.php on line 12

2022-09-08T20:02:35+00:00 CRITICAL Maximum execution time of 120 seconds exceeded in C:\xampp\htdocs\wordpress 7\wp-content\themes\astra\inc\builder\type\header\above-header\class-astra-above-header-loader.php on line 12

2022-09-08T20:02:34+00:00 CRITICAL Maximum execution time of 120 seconds exceeded in C:\xampp\htdocs\wordpress 7\wp-content\themes\astra\inc\customizer\configurations\builder\base\class-astra-social-icon-component-configs.php on line 13

2022-09-08T20:02:44+00:00 CRITICAL Maximum execution time of 120 seconds exceeded in C:\xampp\htdocs\wordpress 7\wp-content\plugins\wc-multi-currency\libs\APBDWMC_session.php on line 16

2022-09-08T20:02:52+00:00 CRITICAL Maximum execution time of 120 seconds exceeded in C:\xampp\htdocs\wordpress 7\wp-includes\wp-db.php on line 2169

2022-09-08T20:02:53+00:00 CRITICAL Maximum execution time of 120 seconds exceeded in C:\xampp\htdocs\wordpress 7\wp-content\plugins\wc-multi-currency\libs\APBDWMC_session.php on line 16

2022-09-08T20:02:57+00:00 CRITICAL Maximum execution time of 120 seconds exceeded in C:\xampp\htdocs\wordpress 7\wp-content\plugins\elementor\includes\autoloader.php on line 265

2022-09-08T20:02:57+00:00 CRITICAL Maximum execution time of 120 seconds exceeded in C:\xampp\htdocs\wordpress 7\wp-content\plugins\elementor\core\modules-manager.php on line 7

2022-09-08T20:02:59+00:00 CRITICAL Maximum execution time of 120 seconds exceeded in C:\xampp\htdocs\wordpress 7\wp-content\plugins\elementor\includes\autoloader.php on line 265

2022-09-08T20:03:01+00:00 CRITICAL Maximum execution time of 120 seconds exceeded in C:\xampp\htdocs\wordpress 7\wp-includes\wp-db.php on line 2169

2022-09-08T20:03:01+00:00 CRITICAL Maximum execution time of 120 seconds exceeded in C:\xampp\htdocs\wordpress 7\wp-includes\wp-db.php on line 2169

2022-09-08T20:03:01+00:00 CRITICAL Maximum execution time of 120 seconds exceeded in C:\xampp\htdocs\wordpress 7\wp-content\plugins\everest-forms\includes\fields\class-evf-field-signature.php on line 30

2022-09-08T20:03:02+00:00 CRITICAL Maximum execution time of 120 seconds exceeded in C:\xampp\htdocs\wordpress 7\wp-content\plugins\woocommerce\src\Internal\Admin\Notes\CouponPageMoved.php on line 10

2022-09-08T20:03:03+00:00 CRITICAL Maximum execution time of 120 seconds exceeded in C:\xampp\htdocs\wordpress 7\wp-content\plugins\elementor\includes\autoloader.php on line 265

2022-09-08T20:03:06+00:00 CRITICAL Maximum execution time of 120 seconds exceeded in C:\xampp\htdocs\wordpress 7\wp-content\plugins\wc-multi-currency\libs\APBDWMC_session.php on line 16

2022-09-08T20:03:12+00:00 CRITICAL Maximum execution time of 120 seconds exceeded in C:\xampp\htdocs\wordpress 7\wp-content\plugins\wc-multi-currency\libs\APBDWMC_session.php on line 16

2022-09-08T20:03:12+00:00 CRITICAL Maximum execution time of 120 seconds exceeded in C:\xampp\htdocs\wordpress 7\wp-content\plugins\woocommerce\packages\woocommerce-blocks\src\BlockTypes\ProductTopRated.php on line 25

2022-09-08T20:03:15+00:00 CRITICAL Maximum execution time of 120 seconds exceeded in C:\xampp\htdocs\wordpress 7\wp-content\plugins\wc-multi-currency\libs\APBDWMC_session.php on line 16

2022-09-08T20:03:18+00:00 CRITICAL Maximum execution time of 120 seconds exceeded in C:\xampp\htdocs\wordpress 7\wp-content\plugins\wc-multi-currency\libs\APBDWMC_session.php on line 16

2022-09-08T20:03:20+00:00 CRITICAL Maximum execution time of 120 seconds exceeded in C:\xampp\htdocs\wordpress 7\wp-content\plugins\wc-multi-currency\libs\APBDWMC_session.php on line 16

2022-09-08T20:03:20+00:00 CRITICAL Maximum execution time of 120 seconds exceeded in C:\xampp\htdocs\wordpress 7\wp-content\plugins\wc-multi-currency\libs\APBDWMC_session.php on line 16

2022-09-08T20:03:21+00:00 CRITICAL Maximum execution time of 120 seconds exceeded in C:\xampp\htdocs\wordpress 7\wp-content\plugins\wc-multi-currency\libs\APBDWMC_session.php on line 16

2022-09-08T20:03:24+00:00 CRITICAL Maximum execution time of 120 seconds exceeded in C:\xampp\htdocs\wordpress 7\wp-content\plugins\wc-multi-currency\libs\APBDWMC_session.php on line 16

2022-09-08T20:03:24+00:00 CRITICAL Maximum execution time of 120 seconds exceeded in C:\xampp\htdocs\wordpress 7\wp-content\plugins\wc-multi-currency\libs\APBDWMC_session.php on line 16

2022-09-08T20:03:28+00:00 CRITICAL Maximum execution time of 120 seconds exceeded in C:\xampp\htdocs\wordpress 7\wp-content\plugins\wc-multi-currency\libs\APBDWMC_session.php on line 16

2022-09-08T20:03:29+00:00 CRITICAL Maximum execution time of 120 seconds exceeded in C:\xampp\htdocs\wordpress 7\wp-content\plugins\wc-multi-currency\libs\APBDWMC_session.php on line 16

2022-09-08T20:03:29+00:00 CRITICAL Maximum execution time of 120 seconds exceeded in C:\xampp\htdocs\wordpress 7\wp-content\plugins\wc-multi-currency\libs\APBDWMC_session.php on line 16

2022-09-08T20:03:29+00:00 CRITICAL Maximum execution time of 120 seconds exceeded in C:\xampp\htdocs\wordpress 7\wp-content\plugins\wc-multi-currency\libs\APBDWMC_session.php on line 16

2022-09-08T20:03:29+00:00 CRITICAL Maximum execution time of 120 seconds exceeded in C:\xampp\htdocs\wordpress 7\wp-content\plugins\wc-multi-currency\libs\APBDWMC_session.php on line 16

2022-09-08T20:03:30+00:00 CRITICAL Maximum execution time of 120 seconds exceeded in C:\xampp\htdocs\wordpress 7\wp-content\plugins\wc-multi-currency\libs\APBDWMC_session.php on line 16

2022-09-08T20:03:30+00:00 CRITICAL Maximum execution time of 120 seconds exceeded in C:\xampp\htdocs\wordpress 7\wp-content\plugins\wc-multi-currency\libs\APBDWMC_session.php on line 16

2022-09-08T20:03:30+00:00 CRITICAL Maximum execution time of 120 seconds exceeded in C:\xampp\htdocs\wordpress 7\wp-content\plugins\wc-multi-currency\libs\APBDWMC_session.php on line 16

2022-09-08T20:03:30+00:00 CRITICAL Maximum execution time of 120 seconds exceeded in C:\xampp\htdocs\wordpress 7\wp-content\plugins\wc-multi-currency\libs\APBDWMC_session.php on line 16

2022-09-08T20:03:31+00:00 CRITICAL Maximum execution time of 120 seconds exceeded in C:\xampp\htdocs\wordpress 7\wp-content\plugins\wc-multi-currency\libs\APBDWMC_session.php on line 16

2022-09-08T20:04:05+00:00 CRITICAL Maximum execution time of 120 seconds exceeded in C:\xampp\htdocs\wordpress 7\wp-content\plugins\essential-addons-for-elementor-lite\includes\Elements\GravityForms.php on line 5

