2022-08-27T00:33:34+00:00 CRITICAL Maximum execution time of 120 seconds exceeded in C:\xampp\htdocs\wordpress 7\wp-includes\wp-db.php on line 2169

2022-08-27T22:13:04+00:00 CRITICAL Maximum execution time of 120 seconds exceeded in C:\xampp\htdocs\wordpress 7\wp-content\plugins\woocommerce\src\Internal\Admin\Events.php on line 9

2022-08-27T22:16:13+00:00 CRITICAL Maximum execution time of 120 seconds exceeded in C:\xampp\htdocs\wordpress 7\wp-content\themes\astra\inc\core\builder\class-astra-builder-admin.php on line 9

2022-08-27T22:18:34+00:00 CRITICAL Maximum execution time of 120 seconds exceeded in C:\xampp\htdocs\wordpress 7\wp-content\plugins\everest-forms\includes\fields\class-evf-field-file-upload.php on line 30

2022-08-27T22:18:35+00:00 CRITICAL Maximum execution time of 120 seconds exceeded in C:\xampp\htdocs\wordpress 7\wp-content\plugins\yith-woocommerce-request-a-quote\plugin-fw\includes\privacy\class-yith-privacy-plugin-abstract.php on line 13

2022-08-27T22:20:51+00:00 CRITICAL Maximum execution time of 120 seconds exceeded in C:\xampp\htdocs\wordpress 7\wp-content\plugins\elementor\core\files\css\base.php on line 18

2022-08-27T22:22:49+00:00 CRITICAL Maximum execution time of 120 seconds exceeded in C:\xampp\htdocs\wordpress 7\wp-content\plugins\woolentor-addons\includes\addons\wb_customer_review.php on line 4

2022-08-27T22:23:02+00:00 CRITICAL Maximum execution time of 120 seconds exceeded in C:\xampp\htdocs\wordpress 7\wp-content\themes\astra\template-parts\header\builder\header-row.php on line 8

2022-08-27T22:27:17+00:00 CRITICAL Maximum execution time of 120 seconds exceeded in C:\xampp\htdocs\wordpress 7\wp-includes\Requests\Transport\cURL.php on line 165

2022-08-27T22:46:58+00:00 CRITICAL Maximum execution time of 120 seconds exceeded in C:\xampp\htdocs\wordpress 7\wp-content\plugins\woocommerce\packages\woocommerce-blocks\src\AssetsController.php on line 288

2022-08-27T22:48:41+00:00 CRITICAL Maximum execution time of 120 seconds exceeded in C:\xampp\htdocs\wordpress 7\wp-content\plugins\elementor\includes\controls\select2.php on line 4

2022-08-27T23:22:36+00:00 CRITICAL Maximum execution time of 120 seconds exceeded in C:\xampp\htdocs\wordpress 7\wp-content\plugins\woocommerce\packages\action-scheduler\classes\ActionScheduler_AsyncRequest_QueueRunner.php on line 60

2022-08-27T23:23:11+00:00 CRITICAL Maximum execution time of 120 seconds exceeded in C:\xampp\htdocs\wordpress 7\wp-includes\wp-db.php on line 2169

2022-08-27T23:23:19+00:00 CRITICAL Maximum execution time of 120 seconds exceeded in C:\xampp\htdocs\wordpress 7\wp-includes\wp-db.php on line 2169

2022-08-27T23:23:36+00:00 CRITICAL Maximum execution time of 120 seconds exceeded in C:\xampp\htdocs\wordpress 7\wp-includes\wp-db.php on line 2169

2022-08-27T23:23:37+00:00 CRITICAL Maximum execution time of 120 seconds exceeded in C:\xampp\htdocs\wordpress 7\wp-content\plugins\wc-multi-currency\libs\APBDWMC_session.php on line 16

2022-08-27T23:23:48+00:00 CRITICAL Maximum execution time of 120 seconds exceeded in C:\xampp\htdocs\wordpress 7\wp-includes\wp-db.php on line 2169

2022-08-27T23:24:02+00:00 CRITICAL Maximum execution time of 120 seconds exceeded in C:\xampp\htdocs\wordpress 7\wp-content\plugins\wc-multi-currency\libs\APBDWMC_session.php on line 16

2022-08-27T23:24:04+00:00 CRITICAL Maximum execution time of 120 seconds exceeded in C:\xampp\htdocs\wordpress 7\wp-includes\wp-db.php on line 2169

2022-08-27T23:44:16+00:00 CRITICAL Maximum execution time of 120 seconds exceeded in C:\xampp\htdocs\wordpress 7\wp-includes\wp-db.php on line 2169

