2022-08-15T08:32:24+00:00 CRITICAL Maximum execution time of 120 seconds exceeded in C:\xampp\htdocs\wordpress 7\wp-content\themes\astra\inc\builder\type\header\button\class-astra-header-button-component.php on line 12

2022-08-15T14:18:20+00:00 CRITICAL Uncaught Error: Call to undefined method stdClass::get_id() in C:\xampp\htdocs\wordpress 7\wp-content\plugins\woolentor-addons\woolentor-blocks\includes\classes\Api\Api.php:277
Stack trace:
#0 C:\xampp\htdocs\wordpress 7\wp-includes\rest-api\class-wp-rest-server.php(1143): WooLentorBlocks\Api\Api->get_last_product_data(Object(WP_REST_Request))
#1 C:\xampp\htdocs\wordpress 7\wp-includes\rest-api\class-wp-rest-server.php(990): WP_REST_Server->respond_to_request(Object(WP_REST_Request), '/woolentor/v1/s...', Array, NULL)
#2 C:\xampp\htdocs\wordpress 7\wp-includes\rest-api\class-wp-rest-server.php(414): WP_REST_Server->dispatch(Object(WP_REST_Request))
#3 C:\xampp\htdocs\wordpress 7\wp-includes\rest-api.php(394): WP_REST_Server->serve_request('/woolentor/v1/s...')
#4 C:\xampp\htdocs\wordpress 7\wp-includes\class-wp-hook.php(307): rest_api_loaded(Object(WP))
#5 C:\xampp\htdocs\wordpress 7\wp-includes\class-wp-hook.php(331): WP_Hook->apply_filters(NULL, Array)
#6 C:\xampp\htdocs\wordpress 7\wp-includes\plugin.php(5 in C:\xampp\htdocs\wordpress 7\wp-content\plugins\woolentor-addons\woolentor-blocks\includes\classes\Api\Api.php on line 277

2022-08-15T15:18:51+00:00 CRITICAL Uncaught Error: Call to undefined method stdClass::get_id() in C:\xampp\htdocs\wordpress 7\wp-content\plugins\woolentor-addons\woolentor-blocks\includes\classes\Api\Api.php:277
Stack trace:
#0 C:\xampp\htdocs\wordpress 7\wp-includes\rest-api\class-wp-rest-server.php(1143): WooLentorBlocks\Api\Api->get_last_product_data(Object(WP_REST_Request))
#1 C:\xampp\htdocs\wordpress 7\wp-includes\rest-api\class-wp-rest-server.php(990): WP_REST_Server->respond_to_request(Object(WP_REST_Request), '/woolentor/v1/s...', Array, NULL)
#2 C:\xampp\htdocs\wordpress 7\wp-includes\rest-api\class-wp-rest-server.php(414): WP_REST_Server->dispatch(Object(WP_REST_Request))
#3 C:\xampp\htdocs\wordpress 7\wp-includes\rest-api.php(394): WP_REST_Server->serve_request('/woolentor/v1/s...')
#4 C:\xampp\htdocs\wordpress 7\wp-includes\class-wp-hook.php(307): rest_api_loaded(Object(WP))
#5 C:\xampp\htdocs\wordpress 7\wp-includes\class-wp-hook.php(331): WP_Hook->apply_filters(NULL, Array)
#6 C:\xampp\htdocs\wordpress 7\wp-includes\plugin.php(5 in C:\xampp\htdocs\wordpress 7\wp-content\plugins\woolentor-addons\woolentor-blocks\includes\classes\Api\Api.php on line 277

2022-08-15T15:21:06+00:00 CRITICAL Uncaught Error: Call to undefined method stdClass::get_id() in C:\xampp\htdocs\wordpress 7\wp-content\plugins\woolentor-addons\woolentor-blocks\includes\classes\Api\Api.php:277
Stack trace:
#0 C:\xampp\htdocs\wordpress 7\wp-includes\rest-api\class-wp-rest-server.php(1143): WooLentorBlocks\Api\Api->get_last_product_data(Object(WP_REST_Request))
#1 C:\xampp\htdocs\wordpress 7\wp-includes\rest-api\class-wp-rest-server.php(990): WP_REST_Server->respond_to_request(Object(WP_REST_Request), '/woolentor/v1/s...', Array, NULL)
#2 C:\xampp\htdocs\wordpress 7\wp-includes\rest-api\class-wp-rest-server.php(414): WP_REST_Server->dispatch(Object(WP_REST_Request))
#3 C:\xampp\htdocs\wordpress 7\wp-includes\rest-api.php(394): WP_REST_Server->serve_request('/woolentor/v1/s...')
#4 C:\xampp\htdocs\wordpress 7\wp-includes\class-wp-hook.php(307): rest_api_loaded(Object(WP))
#5 C:\xampp\htdocs\wordpress 7\wp-includes\class-wp-hook.php(331): WP_Hook->apply_filters(NULL, Array)
#6 C:\xampp\htdocs\wordpress 7\wp-includes\plugin.php(5 in C:\xampp\htdocs\wordpress 7\wp-content\plugins\woolentor-addons\woolentor-blocks\includes\classes\Api\Api.php on line 277

2022-08-15T15:22:49+00:00 CRITICAL Uncaught Error: Call to undefined method stdClass::get_id() in C:\xampp\htdocs\wordpress 7\wp-content\plugins\woolentor-addons\woolentor-blocks\includes\classes\Api\Api.php:277
Stack trace:
#0 C:\xampp\htdocs\wordpress 7\wp-includes\rest-api\class-wp-rest-server.php(1143): WooLentorBlocks\Api\Api->get_last_product_data(Object(WP_REST_Request))
#1 C:\xampp\htdocs\wordpress 7\wp-includes\rest-api\class-wp-rest-server.php(990): WP_REST_Server->respond_to_request(Object(WP_REST_Request), '/woolentor/v1/s...', Array, NULL)
#2 C:\xampp\htdocs\wordpress 7\wp-includes\rest-api\class-wp-rest-server.php(414): WP_REST_Server->dispatch(Object(WP_REST_Request))
#3 C:\xampp\htdocs\wordpress 7\wp-includes\rest-api.php(394): WP_REST_Server->serve_request('/woolentor/v1/s...')
#4 C:\xampp\htdocs\wordpress 7\wp-includes\class-wp-hook.php(307): rest_api_loaded(Object(WP))
#5 C:\xampp\htdocs\wordpress 7\wp-includes\class-wp-hook.php(331): WP_Hook->apply_filters(NULL, Array)
#6 C:\xampp\htdocs\wordpress 7\wp-includes\plugin.php(5 in C:\xampp\htdocs\wordpress 7\wp-content\plugins\woolentor-addons\woolentor-blocks\includes\classes\Api\Api.php on line 277

2022-08-15T15:26:00+00:00 CRITICAL Uncaught Error: Call to undefined method stdClass::get_id() in C:\xampp\htdocs\wordpress 7\wp-content\plugins\woolentor-addons\woolentor-blocks\includes\classes\Api\Api.php:277
Stack trace:
#0 C:\xampp\htdocs\wordpress 7\wp-includes\rest-api\class-wp-rest-server.php(1143): WooLentorBlocks\Api\Api->get_last_product_data(Object(WP_REST_Request))
#1 C:\xampp\htdocs\wordpress 7\wp-includes\rest-api\class-wp-rest-server.php(990): WP_REST_Server->respond_to_request(Object(WP_REST_Request), '/woolentor/v1/s...', Array, NULL)
#2 C:\xampp\htdocs\wordpress 7\wp-includes\rest-api\class-wp-rest-server.php(414): WP_REST_Server->dispatch(Object(WP_REST_Request))
#3 C:\xampp\htdocs\wordpress 7\wp-includes\rest-api.php(394): WP_REST_Server->serve_request('/woolentor/v1/s...')
#4 C:\xampp\htdocs\wordpress 7\wp-includes\class-wp-hook.php(307): rest_api_loaded(Object(WP))
#5 C:\xampp\htdocs\wordpress 7\wp-includes\class-wp-hook.php(331): WP_Hook->apply_filters(NULL, Array)
#6 C:\xampp\htdocs\wordpress 7\wp-includes\plugin.php(5 in C:\xampp\htdocs\wordpress 7\wp-content\plugins\woolentor-addons\woolentor-blocks\includes\classes\Api\Api.php on line 277

2022-08-15T15:27:11+00:00 CRITICAL Uncaught Error: Call to undefined method stdClass::get_id() in C:\xampp\htdocs\wordpress 7\wp-content\plugins\woolentor-addons\woolentor-blocks\includes\classes\Api\Api.php:277
Stack trace:
#0 C:\xampp\htdocs\wordpress 7\wp-includes\rest-api\class-wp-rest-server.php(1143): WooLentorBlocks\Api\Api->get_last_product_data(Object(WP_REST_Request))
#1 C:\xampp\htdocs\wordpress 7\wp-includes\rest-api\class-wp-rest-server.php(990): WP_REST_Server->respond_to_request(Object(WP_REST_Request), '/woolentor/v1/s...', Array, NULL)
#2 C:\xampp\htdocs\wordpress 7\wp-includes\rest-api\class-wp-rest-server.php(414): WP_REST_Server->dispatch(Object(WP_REST_Request))
#3 C:\xampp\htdocs\wordpress 7\wp-includes\rest-api.php(394): WP_REST_Server->serve_request('/woolentor/v1/s...')
#4 C:\xampp\htdocs\wordpress 7\wp-includes\class-wp-hook.php(307): rest_api_loaded(Object(WP))
#5 C:\xampp\htdocs\wordpress 7\wp-includes\class-wp-hook.php(331): WP_Hook->apply_filters(NULL, Array)
#6 C:\xampp\htdocs\wordpress 7\wp-includes\plugin.php(5 in C:\xampp\htdocs\wordpress 7\wp-content\plugins\woolentor-addons\woolentor-blocks\includes\classes\Api\Api.php on line 277

2022-08-15T15:32:38+00:00 CRITICAL Uncaught Error: Call to undefined method stdClass::get_id() in C:\xampp\htdocs\wordpress 7\wp-content\plugins\woolentor-addons\woolentor-blocks\includes\classes\Api\Api.php:277
Stack trace:
#0 C:\xampp\htdocs\wordpress 7\wp-includes\rest-api\class-wp-rest-server.php(1143): WooLentorBlocks\Api\Api->get_last_product_data(Object(WP_REST_Request))
#1 C:\xampp\htdocs\wordpress 7\wp-includes\rest-api\class-wp-rest-server.php(990): WP_REST_Server->respond_to_request(Object(WP_REST_Request), '/woolentor/v1/s...', Array, NULL)
#2 C:\xampp\htdocs\wordpress 7\wp-includes\rest-api\class-wp-rest-server.php(414): WP_REST_Server->dispatch(Object(WP_REST_Request))
#3 C:\xampp\htdocs\wordpress 7\wp-includes\rest-api.php(394): WP_REST_Server->serve_request('/woolentor/v1/s...')
#4 C:\xampp\htdocs\wordpress 7\wp-includes\class-wp-hook.php(307): rest_api_loaded(Object(WP))
#5 C:\xampp\htdocs\wordpress 7\wp-includes\class-wp-hook.php(331): WP_Hook->apply_filters(NULL, Array)
#6 C:\xampp\htdocs\wordpress 7\wp-includes\plugin.php(5 in C:\xampp\htdocs\wordpress 7\wp-content\plugins\woolentor-addons\woolentor-blocks\includes\classes\Api\Api.php on line 277

2022-08-15T15:40:44+00:00 CRITICAL Uncaught Error: Call to undefined method stdClass::get_id() in C:\xampp\htdocs\wordpress 7\wp-content\plugins\woolentor-addons\woolentor-blocks\includes\classes\Api\Api.php:277
Stack trace:
#0 C:\xampp\htdocs\wordpress 7\wp-includes\rest-api\class-wp-rest-server.php(1143): WooLentorBlocks\Api\Api->get_last_product_data(Object(WP_REST_Request))
#1 C:\xampp\htdocs\wordpress 7\wp-includes\rest-api\class-wp-rest-server.php(990): WP_REST_Server->respond_to_request(Object(WP_REST_Request), '/woolentor/v1/s...', Array, NULL)
#2 C:\xampp\htdocs\wordpress 7\wp-includes\rest-api\class-wp-rest-server.php(414): WP_REST_Server->dispatch(Object(WP_REST_Request))
#3 C:\xampp\htdocs\wordpress 7\wp-includes\rest-api.php(394): WP_REST_Server->serve_request('/woolentor/v1/s...')
#4 C:\xampp\htdocs\wordpress 7\wp-includes\class-wp-hook.php(307): rest_api_loaded(Object(WP))
#5 C:\xampp\htdocs\wordpress 7\wp-includes\class-wp-hook.php(331): WP_Hook->apply_filters(NULL, Array)
#6 C:\xampp\htdocs\wordpress 7\wp-includes\plugin.php(5 in C:\xampp\htdocs\wordpress 7\wp-content\plugins\woolentor-addons\woolentor-blocks\includes\classes\Api\Api.php on line 277

2022-08-15T15:52:54+00:00 CRITICAL Uncaught Error: Call to undefined method stdClass::get_id() in C:\xampp\htdocs\wordpress 7\wp-content\plugins\woolentor-addons\woolentor-blocks\includes\classes\Api\Api.php:277
Stack trace:
#0 C:\xampp\htdocs\wordpress 7\wp-includes\rest-api\class-wp-rest-server.php(1143): WooLentorBlocks\Api\Api->get_last_product_data(Object(WP_REST_Request))
#1 C:\xampp\htdocs\wordpress 7\wp-includes\rest-api\class-wp-rest-server.php(990): WP_REST_Server->respond_to_request(Object(WP_REST_Request), '/woolentor/v1/s...', Array, NULL)
#2 C:\xampp\htdocs\wordpress 7\wp-includes\rest-api\class-wp-rest-server.php(414): WP_REST_Server->dispatch(Object(WP_REST_Request))
#3 C:\xampp\htdocs\wordpress 7\wp-includes\rest-api.php(394): WP_REST_Server->serve_request('/woolentor/v1/s...')
#4 C:\xampp\htdocs\wordpress 7\wp-includes\class-wp-hook.php(307): rest_api_loaded(Object(WP))
#5 C:\xampp\htdocs\wordpress 7\wp-includes\class-wp-hook.php(331): WP_Hook->apply_filters(NULL, Array)
#6 C:\xampp\htdocs\wordpress 7\wp-includes\plugin.php(5 in C:\xampp\htdocs\wordpress 7\wp-content\plugins\woolentor-addons\woolentor-blocks\includes\classes\Api\Api.php on line 277

2022-08-15T15:58:30+00:00 CRITICAL Uncaught Error: Call to undefined method stdClass::get_id() in C:\xampp\htdocs\wordpress 7\wp-content\plugins\woolentor-addons\woolentor-blocks\includes\classes\Api\Api.php:277
Stack trace:
#0 C:\xampp\htdocs\wordpress 7\wp-includes\rest-api\class-wp-rest-server.php(1143): WooLentorBlocks\Api\Api->get_last_product_data(Object(WP_REST_Request))
#1 C:\xampp\htdocs\wordpress 7\wp-includes\rest-api\class-wp-rest-server.php(990): WP_REST_Server->respond_to_request(Object(WP_REST_Request), '/woolentor/v1/s...', Array, NULL)
#2 C:\xampp\htdocs\wordpress 7\wp-includes\rest-api\class-wp-rest-server.php(414): WP_REST_Server->dispatch(Object(WP_REST_Request))
#3 C:\xampp\htdocs\wordpress 7\wp-includes\rest-api.php(394): WP_REST_Server->serve_request('/woolentor/v1/s...')
#4 C:\xampp\htdocs\wordpress 7\wp-includes\class-wp-hook.php(307): rest_api_loaded(Object(WP))
#5 C:\xampp\htdocs\wordpress 7\wp-includes\class-wp-hook.php(331): WP_Hook->apply_filters(NULL, Array)
#6 C:\xampp\htdocs\wordpress 7\wp-includes\plugin.php(5 in C:\xampp\htdocs\wordpress 7\wp-content\plugins\woolentor-addons\woolentor-blocks\includes\classes\Api\Api.php on line 277

2022-08-15T15:59:22+00:00 CRITICAL Uncaught Error: Call to undefined method stdClass::get_id() in C:\xampp\htdocs\wordpress 7\wp-content\plugins\woolentor-addons\woolentor-blocks\includes\classes\Api\Api.php:277
Stack trace:
#0 C:\xampp\htdocs\wordpress 7\wp-includes\rest-api\class-wp-rest-server.php(1143): WooLentorBlocks\Api\Api->get_last_product_data(Object(WP_REST_Request))
#1 C:\xampp\htdocs\wordpress 7\wp-includes\rest-api\class-wp-rest-server.php(990): WP_REST_Server->respond_to_request(Object(WP_REST_Request), '/woolentor/v1/s...', Array, NULL)
#2 C:\xampp\htdocs\wordpress 7\wp-includes\rest-api\class-wp-rest-server.php(414): WP_REST_Server->dispatch(Object(WP_REST_Request))
#3 C:\xampp\htdocs\wordpress 7\wp-includes\rest-api.php(394): WP_REST_Server->serve_request('/woolentor/v1/s...')
#4 C:\xampp\htdocs\wordpress 7\wp-includes\class-wp-hook.php(307): rest_api_loaded(Object(WP))
#5 C:\xampp\htdocs\wordpress 7\wp-includes\class-wp-hook.php(331): WP_Hook->apply_filters(NULL, Array)
#6 C:\xampp\htdocs\wordpress 7\wp-includes\plugin.php(5 in C:\xampp\htdocs\wordpress 7\wp-content\plugins\woolentor-addons\woolentor-blocks\includes\classes\Api\Api.php on line 277

2022-08-15T16:12:19+00:00 CRITICAL Uncaught Error: Call to undefined method stdClass::get_id() in C:\xampp\htdocs\wordpress 7\wp-content\plugins\woolentor-addons\woolentor-blocks\includes\classes\Api\Api.php:277
Stack trace:
#0 C:\xampp\htdocs\wordpress 7\wp-includes\rest-api\class-wp-rest-server.php(1143): WooLentorBlocks\Api\Api->get_last_product_data(Object(WP_REST_Request))
#1 C:\xampp\htdocs\wordpress 7\wp-includes\rest-api\class-wp-rest-server.php(990): WP_REST_Server->respond_to_request(Object(WP_REST_Request), '/woolentor/v1/s...', Array, NULL)
#2 C:\xampp\htdocs\wordpress 7\wp-includes\rest-api\class-wp-rest-server.php(414): WP_REST_Server->dispatch(Object(WP_REST_Request))
#3 C:\xampp\htdocs\wordpress 7\wp-includes\rest-api.php(394): WP_REST_Server->serve_request('/woolentor/v1/s...')
#4 C:\xampp\htdocs\wordpress 7\wp-includes\class-wp-hook.php(307): rest_api_loaded(Object(WP))
#5 C:\xampp\htdocs\wordpress 7\wp-includes\class-wp-hook.php(331): WP_Hook->apply_filters(NULL, Array)
#6 C:\xampp\htdocs\wordpress 7\wp-includes\plugin.php(5 in C:\xampp\htdocs\wordpress 7\wp-content\plugins\woolentor-addons\woolentor-blocks\includes\classes\Api\Api.php on line 277

