2022-09-01T11:22:50+00:00 CRITICAL Maximum execution time of 120 seconds exceeded in C:\xampp\htdocs\wordpress 7\wp-content\plugins\yith-woocommerce-request-a-quote\plugin-fw\yit-woocommerce-compatibility.php on line 10

2022-09-01T11:23:03+00:00 CRITICAL Maximum execution time of 120 seconds exceeded in C:\xampp\htdocs\wordpress 7\wp-content\themes\astra\inc\compatibility\woocommerce\class-astra-woocommerce.php on line 11

2022-09-01T11:28:30+00:00 CRITICAL Maximum execution time of 120 seconds exceeded in C:\xampp\htdocs\wordpress 7\wp-includes\wp-db.php on line 2169

2022-09-01T11:29:21+00:00 CRITICAL Maximum execution time of 120 seconds exceeded in C:\xampp\htdocs\wordpress 7\wp-includes\Requests\Transport\cURL.php on line 165

2022-09-01T11:41:33+00:00 CRITICAL Maximum execution time of 120 seconds exceeded in C:\xampp\htdocs\wordpress 7\wp-includes\wp-db.php on line 2169

2022-09-01T11:42:04+00:00 CRITICAL Maximum execution time of 120 seconds exceeded in C:\xampp\htdocs\wordpress 7\wp-includes\wp-db.php on line 2169

2022-09-01T11:42:04+00:00 CRITICAL Maximum execution time of 120 seconds exceeded in C:\xampp\htdocs\wordpress 7\wp-includes\wp-db.php on line 2169

2022-09-01T11:44:08+00:00 CRITICAL Maximum execution time of 120 seconds exceeded in C:\xampp\htdocs\wordpress 7\wp-includes\wp-db.php on line 2169

2022-09-01T14:13:48+00:00 CRITICAL Maximum execution time of 120 seconds exceeded in C:\xampp\htdocs\wordpress 7\wp-includes\wp-db.php on line 2169

2022-09-01T14:14:03+00:00 CRITICAL Maximum execution time of 120 seconds exceeded in C:\xampp\htdocs\wordpress 7\wp-includes\wp-db.php on line 2169

2022-09-01T14:14:10+00:00 CRITICAL Maximum execution time of 120 seconds exceeded in C:\xampp\htdocs\wordpress 7\wp-includes\wp-db.php on line 2169

2022-09-01T14:32:53+00:00 CRITICAL Maximum execution time of 120 seconds exceeded in C:\xampp\htdocs\wordpress 7\wp-includes\wp-db.php on line 2169

2022-09-01T14:33:12+00:00 CRITICAL Maximum execution time of 120 seconds exceeded in C:\xampp\htdocs\wordpress 7\wp-content\plugins\woocommerce\packages\woocommerce-blocks\src\Assets\Api.php on line 195

2022-09-01T14:44:30+00:00 CRITICAL Maximum execution time of 120 seconds exceeded in C:\xampp\htdocs\wordpress 7\wp-includes\wp-db.php on line 2169

2022-09-01T14:44:35+00:00 CRITICAL Maximum execution time of 120 seconds exceeded in C:\xampp\htdocs\wordpress 7\wp-content\plugins\wc-multi-currency\libs\APBDWMC_session.php on line 16

2022-09-01T14:44:44+00:00 CRITICAL Maximum execution time of 120 seconds exceeded in C:\xampp\htdocs\wordpress 7\wp-includes\wp-db.php on line 2169

2022-09-01T14:44:47+00:00 CRITICAL Maximum execution time of 120 seconds exceeded in C:\xampp\htdocs\wordpress 7\wp-includes\wp-db.php on line 2169

2022-09-01T14:44:53+00:00 CRITICAL Maximum execution time of 120 seconds exceeded in C:\xampp\htdocs\wordpress 7\wp-includes\wp-db.php on line 2169

2022-09-01T14:44:54+00:00 CRITICAL Maximum execution time of 120 seconds exceeded in C:\xampp\htdocs\wordpress 7\wp-content\plugins\woocommerce\packages\woocommerce-blocks\src\BlockTypes\ProductsByAttribute.php on line 76

2022-09-01T14:45:00+00:00 CRITICAL Maximum execution time of 120 seconds exceeded in C:\xampp\htdocs\wordpress 7\wp-includes\wp-db.php on line 2169

2022-09-01T14:48:16+00:00 CRITICAL Maximum execution time of 120 seconds exceeded in C:\xampp\htdocs\wordpress 7\wp-includes\wp-db.php on line 2169

2022-09-01T14:48:19+00:00 CRITICAL Maximum execution time of 120 seconds exceeded in C:\xampp\htdocs\wordpress 7\wp-content\plugins\wc-multi-currency\libs\APBDWMC_session.php on line 16

