2022-09-04T09:30:33+00:00 CRITICAL Maximum execution time of 120 seconds exceeded in C:\xampp\htdocs\wordpress 7\wp-content\themes\astra\inc\dynamic-css\pagination.php on line 9

2022-09-04T09:31:33+00:00 CRITICAL Maximum execution time of 120 seconds exceeded in C:\xampp\htdocs\wordpress 7\wp-admin\includes\class-wp-site-health-auto-updates.php on line 365

2022-09-04T10:28:23+00:00 CRITICAL Maximum execution time of 120 seconds exceeded in C:\xampp\htdocs\wordpress 7\wp-includes\wp-db.php on line 2169

2022-09-04T10:44:14+00:00 CRITICAL Maximum execution time of 120 seconds exceeded in C:\xampp\htdocs\wordpress 7\wp-includes\wp-db.php on line 2169

2022-09-04T10:44:41+00:00 CRITICAL Maximum execution time of 120 seconds exceeded in C:\xampp\htdocs\wordpress 7\wp-includes\wp-db.php on line 2169

2022-09-04T10:44:50+00:00 CRITICAL Maximum execution time of 120 seconds exceeded in C:\xampp\htdocs\wordpress 7\wp-content\plugins\wc-multi-currency\libs\APBDWMC_session.php on line 16

2022-09-04T10:44:53+00:00 CRITICAL Maximum execution time of 120 seconds exceeded in C:\xampp\htdocs\wordpress 7\wp-content\plugins\wc-multi-currency\libs\APBDWMC_session.php on line 16

2022-09-04T10:45:36+00:00 CRITICAL Maximum execution time of 120 seconds exceeded in C:\xampp\htdocs\wordpress 7\wp-includes\functions.php on line 6661

2022-09-04T10:46:38+00:00 CRITICAL Maximum execution time of 120 seconds exceeded in C:\xampp\htdocs\wordpress 7\wp-includes\wp-db.php on line 2169

2022-09-04T10:46:52+00:00 CRITICAL Maximum execution time of 120 seconds exceeded in C:\xampp\htdocs\wordpress 7\wp-content\plugins\woocommerce\packages\action-scheduler\classes\ActionScheduler_AsyncRequest_QueueRunner.php on line 60

2022-09-04T10:46:54+00:00 CRITICAL Maximum execution time of 120 seconds exceeded in C:\xampp\htdocs\wordpress 7\wp-includes\wp-db.php on line 2169

2022-09-04T10:47:00+00:00 CRITICAL Maximum execution time of 120 seconds exceeded in C:\xampp\htdocs\wordpress 7\wp-includes\wp-db.php on line 2169

2022-09-04T10:47:06+00:00 CRITICAL Maximum execution time of 120 seconds exceeded in C:\xampp\htdocs\wordpress 7\wp-includes\wp-db.php on line 2169

2022-09-04T10:47:17+00:00 CRITICAL Maximum execution time of 120 seconds exceeded in C:\xampp\htdocs\wordpress 7\wp-content\plugins\woocommerce\packages\action-scheduler\classes\ActionScheduler_AsyncRequest_QueueRunner.php on line 60

2022-09-04T10:47:18+00:00 CRITICAL Maximum execution time of 120 seconds exceeded in C:\xampp\htdocs\wordpress 7\wp-content\plugins\wc-multi-currency\libs\APBDWMC_session.php on line 16

2022-09-04T11:34:26+00:00 CRITICAL Maximum execution time of 120 seconds exceeded in C:\xampp\htdocs\wordpress 7\wp-includes\wp-db.php on line 2169

2022-09-04T11:34:38+00:00 CRITICAL Maximum execution time of 120 seconds exceeded in C:\xampp\htdocs\wordpress 7\wp-includes\wp-db.php on line 2169

2022-09-04T11:35:23+00:00 CRITICAL Maximum execution time of 120 seconds exceeded in C:\xampp\htdocs\wordpress 7\wp-includes\wp-db.php on line 2169

2022-09-04T12:38:56+00:00 CRITICAL Maximum execution time of 120 seconds exceeded in C:\xampp\htdocs\wordpress 7\wp-includes\wp-db.php on line 2169

2022-09-04T12:39:05+00:00 CRITICAL Maximum execution time of 120 seconds exceeded in C:\xampp\htdocs\wordpress 7\wp-includes\functions.php on line 6661

2022-09-04T12:45:35+00:00 CRITICAL Maximum execution time of 120 seconds exceeded in C:\xampp\htdocs\wordpress 7\wp-includes\wp-db.php on line 2169

2022-09-04T12:52:48+00:00 CRITICAL Maximum execution time of 120 seconds exceeded in C:\xampp\htdocs\wordpress 7\wp-includes\wp-db.php on line 2169

2022-09-04T12:53:04+00:00 CRITICAL Maximum execution time of 120 seconds exceeded in C:\xampp\htdocs\wordpress 7\wp-includes\wp-db.php on line 2169

2022-09-04T12:53:06+00:00 CRITICAL Maximum execution time of 120 seconds exceeded in C:\xampp\htdocs\wordpress 7\wp-content\plugins\wc-multi-currency\libs\APBDWMC_session.php on line 16

2022-09-04T12:53:56+00:00 CRITICAL Maximum execution time of 120 seconds exceeded in C:\xampp\htdocs\wordpress 7\wp-includes\wp-db.php on line 2169

2022-09-04T12:54:00+00:00 CRITICAL Maximum execution time of 120 seconds exceeded in C:\xampp\htdocs\wordpress 7\wp-content\plugins\wc-multi-currency\libs\APBDWMC_session.php on line 16

2022-09-04T12:54:49+00:00 CRITICAL Maximum execution time of 120 seconds exceeded in C:\xampp\htdocs\wordpress 7\wp-includes\wp-db.php on line 2169

2022-09-04T12:55:08+00:00 CRITICAL Maximum execution time of 120 seconds exceeded in C:\xampp\htdocs\wordpress 7\wp-includes\wp-db.php on line 2169

2022-09-04T12:55:18+00:00 CRITICAL Maximum execution time of 120 seconds exceeded in C:\xampp\htdocs\wordpress 7\wp-includes\Requests\Transport\cURL.php on line 165

2022-09-04T12:55:19+00:00 CRITICAL Maximum execution time of 120 seconds exceeded in C:\xampp\htdocs\wordpress 7\wp-content\plugins\wc-multi-currency\libs\APBDWMC_session.php on line 16

